[     105ms] [INFO] %cDownload the React DevTools for a better development experience: https://react.dev/link/react-devtools font-weight:bold @ http://localhost:3000/_next/static/chunks/node_modules_next_dist_0ifwd0~._.js:2925
[     111ms] [LOG] [HMR] connected @ http://localhost:3000/_next/static/chunks/node_modules_next_dist_0ifwd0~._.js:2925
[  622621ms] [LOG] [Fast Refresh] rebuilding @ http://localhost:3000/_next/static/chunks/node_modules_next_dist_0ifwd0~._.js:2925
[  622674ms] [LOG] [Fast Refresh] done in 44ms @ http://localhost:3000/_next/static/chunks/node_modules_next_dist_0ifwd0~._.js:2925
[  835656ms] [LOG] [Fast Refresh] rebuilding @ http://localhost:3000/_next/static/chunks/node_modules_next_dist_0ifwd0~._.js:2925
[  835704ms] [LOG] [Fast Refresh] done in 32ms @ http://localhost:3000/_next/static/chunks/node_modules_next_dist_0ifwd0~._.js:2925
[  835728ms] [LOG] [Fast Refresh] rebuilding @ http://localhost:3000/_next/static/chunks/node_modules_next_dist_0ifwd0~._.js:2925
[  835790ms] [LOG] [Fast Refresh] done in 6ms @ http://localhost:3000/_next/static/chunks/node_modules_next_dist_0ifwd0~._.js:2925
[  835938ms] [LOG] [Fast Refresh] rebuilding @ http://localhost:3000/_next/static/chunks/node_modules_next_dist_0ifwd0~._.js:2925
[  835942ms] [LOG] [Fast Refresh] done in 105ms @ http://localhost:3000/_next/static/chunks/node_modules_next_dist_0ifwd0~._.js:2925
[  836050ms] [LOG] [Fast Refresh] rebuilding @ http://localhost:3000/_next/static/chunks/node_modules_next_dist_0ifwd0~._.js:2925
[  836061ms] [LOG] [Fast Refresh] done in 112ms @ http://localhost:3000/_next/static/chunks/node_modules_next_dist_0ifwd0~._.js:2925
[  836272ms] [LOG] [Fast Refresh] rebuilding @ http://localhost:3000/_next/static/chunks/node_modules_next_dist_0ifwd0~._.js:2925
[  836678ms] [LOG] [Fast Refresh] done in 508ms @ http://localhost:3000/_next/static/chunks/node_modules_next_dist_0ifwd0~._.js:2925
[ 1107604ms] [ERROR] WebSocket connection to 'ws://localhost:3000/_next/webpack-hmr?id=zmln_PQ6ruecQgWVoFyqG' failed: Error in connection establishment: net::ERR_CONNECTION_REFUSED @ http://localhost:3000/_next/static/chunks/node_modules_next_dist_client_0fhqo1d._.js:13339
[ 1108606ms] [ERROR] WebSocket connection to 'ws://localhost:3000/_next/webpack-hmr?id=zmln_PQ6ruecQgWVoFyqG' failed: Error in connection establishment: net::ERR_CONNECTION_REFUSED @ http://localhost:3000/_next/static/chunks/node_modules_next_dist_client_0fhqo1d._.js:13339
[ 1109609ms] [ERROR] WebSocket connection to 'ws://localhost:3000/_next/webpack-hmr?id=zmln_PQ6ruecQgWVoFyqG' failed: Error in connection establishment: net::ERR_CONNECTION_REFUSED @ http://localhost:3000/_next/static/chunks/node_modules_next_dist_client_0fhqo1d._.js:13339
[ 1110610ms] [ERROR] WebSocket connection to 'ws://localhost:3000/_next/webpack-hmr?id=zmln_PQ6ruecQgWVoFyqG' failed: Error in connection establishment: net::ERR_CONNECTION_REFUSED @ http://localhost:3000/_next/static/chunks/node_modules_next_dist_client_0fhqo1d._.js:13339
[ 1111618ms] [LOG] [HMR] connected @ http://localhost:3000/_next/static/chunks/node_modules_next_dist_0ifwd0~._.js:2925
[ 1111904ms] [INFO] %cDownload the React DevTools for a better development experience: https://react.dev/link/react-devtools font-weight:bold @ http://localhost:3000/_next/static/chunks/node_modules_next_dist_0ifwd0~._.js:2925
[ 1111910ms] [LOG] [HMR] connected @ http://localhost:3000/_next/static/chunks/node_modules_next_dist_0ifwd0~._.js:2925
[ 1120074ms] [INFO] %cDownload the React DevTools for a better development experience: https://react.dev/link/react-devtools font-weight:bold @ http://localhost:3000/_next/static/chunks/node_modules_next_dist_0ifwd0~._.js:2925
[ 1120081ms] [VERBOSE] [DOM] Input elements should have autocomplete attributes (suggested: "current-password"): (More info: https://goo.gl/9p2vKq) %o @ http://localhost:3000/auth/login:0
[ 1120082ms] [LOG] [HMR] connected @ http://localhost:3000/_next/static/chunks/node_modules_next_dist_0ifwd0~._.js:2925
[ 1131496ms] [ERROR] Failed to load resource: the server responded with a status of 400 () @ https://obulqzfinanejmfwxvro.supabase.co/auth/v1/token?grant_type=password:0
[ 1278042ms] [VERBOSE] [DOM] Password field is not contained in a form: (More info: https://goo.gl/9p2vKq) %o @ https://accounts.google.com/v3/signin/identifier?opparams=%253Fredirect_to%253Dhttp%25253A%25252F%25252Flocalhost%25253A3000%25252Fauth%25252Fcallback&dsh=S-217094094%3A1777531053961053&client_id=233665438851-5olud7a11jh40cuv4i1nfk2ehbpna3qv.apps.googleusercontent.com&o2v=2&redirect_uri=https%3A%2F%2Fobulqzfinanejmfwxvro.supabase.co%2Fauth%2Fv1%2Fcallback&response_type=code&scope=email+profile&service=lso&state=91dc5653-d2c1-4edd-ac2e-67608589fc3f&flowName=GeneralOAuthFlow&continue=https%3A%2F%2Faccounts.google.com%2Fsignin%2Foauth%2Fconsent%3Fauthuser%3Dunknown%26part%3DAJi8hAPkClOq_nsNCSbfHyYg16X5HYmFYBJXh6Y82lsm5ZDWhKT1bYBmsmxQHODiv6_yqoKumWqpa1V6iZ3wLxM3WDn5heMM0PF1pQHJVXv4wOOjZmWa59L98p6TfnMdzrnMjZG6ish7gJxxWfM4lqdOhvdjBBAtUae0doB6kILv3h2uZPgusIhubtUcPnyRrVNvinrbNC0F6BMjUZGwIXWr27zXydmZ7RkTiHE_s0LnSY-NiCrQs0MJKxuq7mKaHNbEOZuleCjinQF4SKrHta10CTtArm-_Phz_AG1ksolN-_TZWMdxNiFjYn6fW9GQgwLYFwGkN7qEwtYZVbInRJTUuq_PkVihegJI3l_EewchdQ47EeZRPVFG7IG0Gged_1wadjx_CF3PViqVgjYAlUYtBNzxM5ycCTqZwS-nvOkGTF5I4Ft6ifyOKT-rgBA6QTvA14LLsMSXudEqoqxZ55dMRo2W1ZEaN0hSYNX7ziLFnXF6-PZzytw%26flowName%3DGeneralOAuthFlow%26as%3DS-217094094%253A1777531053961053%26client_id%3D233665438851-5olud7a11jh40cuv4i1nfk2ehbpna3qv.apps.googleusercontent.com%26requestPath%3D%252Fsignin%252Foauth%252Fconsent%23&app_domain=https%3A%2F%2Fobulqzfinanejmfwxvro.supabase.co&rart=ANgoxcf9pm_fBKn24A5k6yYw3vZafFxkejX3lmppgZpjjelBnsleEzY0w9vCk7E7k1NjKd2UeDAPhSBirpy0pZGJq_4H3VVzvwWs3s33dVtb-mt3_nUAtso:0
[ 1278046ms] [LOG] %c%s color: red; background: yellow; font-size: 24px; 경고! @ https://www.gstatic.com/_/mss/boq-identity/_/js/k=boq-identity.AccountsSignInUi.ko.QRJ6vF-aeXE.es5.O/am=Kd8AAAChCIQMAMb__w8AEABB1MDrWQCaQGQAAAAAAAAAAMACAAA0Ag/d=1/excm=_b,_tp,identifierview/ed=1/dg=0/wt=2/ujg=1/rs=AOaEmlHpiCwOSPJ7jrB4dV46PQ59iqXyIQ/dti=1/m=_b,_tp:541
[ 1278046ms] [LOG] %c%s font-size: 18px; 이 콘솔을 사용하면 공격자가 Self-XSS라는 공격을 통해 내 신원을 도용하여 내 정보를 빼낼 수 있습니다.
알지 못하는 코드를 입력하거나 붙여넣지 마세요. @ https://www.gstatic.com/_/mss/boq-identity/_/js/k=boq-identity.AccountsSignInUi.ko.QRJ6vF-aeXE.es5.O/am=Kd8AAAChCIQMAMb__w8AEABB1MDrWQCaQGQAAAAAAAAAAMACAAA0Ag/d=1/excm=_b,_tp,identifierview/ed=1/dg=0/wt=2/ujg=1/rs=AOaEmlHpiCwOSPJ7jrB4dV46PQ59iqXyIQ/dti=1/m=_b,_tp:541
[ 1286339ms] [VERBOSE] [DOM] Password field is not contained in a form: (More info: https://goo.gl/9p2vKq) %o @ https://accounts.google.com/v3/signin/challenge/pwd?TL=APouJz7hOKvEqw619qbXhriudlmnhtgJiUDx_M49upqh5QWrmz-wCFdsybZ0hesF&app_domain=https%3A%2F%2Fobulqzfinanejmfwxvro.supabase.co&checkConnection=youtube%3A136&checkedDomains=youtube&cid=2&client_id=233665438851-5olud7a11jh40cuv4i1nfk2ehbpna3qv.apps.googleusercontent.com&continue=https%3A%2F%2Faccounts.google.com%2Fsignin%2Foauth%2Fconsent%3Fauthuser%3Dunknown%26part%3DAJi8hAPkClOq_nsNCSbfHyYg16X5HYmFYBJXh6Y82lsm5ZDWhKT1bYBmsmxQHODiv6_yqoKumWqpa1V6iZ3wLxM3WDn5heMM0PF1pQHJVXv4wOOjZmWa59L98p6TfnMdzrnMjZG6ish7gJxxWfM4lqdOhvdjBBAtUae0doB6kILv3h2uZPgusIhubtUcPnyRrVNvinrbNC0F6BMjUZGwIXWr27zXydmZ7RkTiHE_s0LnSY-NiCrQs0MJKxuq7mKaHNbEOZuleCjinQF4SKrHta10CTtArm-_Phz_AG1ksolN-_TZWMdxNiFjYn6fW9GQgwLYFwGkN7qEwtYZVbInRJTUuq_PkVihegJI3l_EewchdQ47EeZRPVFG7IG0Gged_1wadjx_CF3PViqVgjYAlUYtBNzxM5ycCTqZwS-nvOkGTF5I4Ft6ifyOKT-rgBA6QTvA14LLsMSXudEqoqxZ55dMRo2W1ZEaN0hSYNX7ziLFnXF6-PZzytw%26flowName%3DGeneralOAuthFlow%26as%3DS-217094094%253A1777531053961053%26client_id%3D233665438851-5olud7a11jh40cuv4i1nfk2ehbpna3qv.apps.googleusercontent.com%26requestPath%3D%252Fsignin%252Foauth%252Fconsent%23&dsh=S-217094094%3A1777531053961053&flowName=GeneralOAuthFlow&o2v=2&opparams=%253Fredirect_to%253Dhttp%25253A%25252F%25252Flocalhost%25253A3000%25252Fauth%25252Fcallback&pstMsg=1&rart=ANgoxcf9pm_fBKn24A5k6yYw3vZafFxkejX3lmppgZpjjelBnsleEzY0w9vCk7E7k1NjKd2UeDAPhSBirpy0pZGJq_4H3VVzvwWs3s33dVtb-mt3_nUAtso&redirect_uri=https%3A%2F%2Fobulqzfinanejmfwxvro.supabase.co%2Fauth%2Fv1%2Fcallback&response_type=code&scope=email%20profile&service=lso&state=91dc5653-d2c1-4edd-ac2e-67608589fc3f:0
[ 1309942ms] [INFO] %cDownload the React DevTools for a better development experience: https://react.dev/link/react-devtools font-weight:bold @ http://localhost:3000/_next/static/chunks/node_modules_next_dist_0ifwd0~._.js:2925
[ 1309971ms] [LOG] [HMR] connected @ http://localhost:3000/_next/static/chunks/node_modules_next_dist_0ifwd0~._.js:2925
[ 2090322ms] [LOG] [Fast Refresh] rebuilding @ http://localhost:3000/_next/static/chunks/node_modules_next_dist_0ifwd0~._.js:2925
[ 2090490ms] [LOG] [Fast Refresh] done in 269ms @ http://localhost:3000/_next/static/chunks/node_modules_next_dist_0ifwd0~._.js:2925
[ 2182576ms] [LOG] [Fast Refresh] rebuilding @ http://localhost:3000/_next/static/chunks/node_modules_next_dist_0ifwd0~._.js:2925
[ 2182869ms] [LOG] [Fast Refresh] done in 339ms @ http://localhost:3000/_next/static/chunks/node_modules_next_dist_0ifwd0~._.js:2925
